
> gardenstation-frontend@0.1.0 dev
> vite


  VITE v6.4.1  ready in 254 ms

  ➜  Local:   http://localhost:3000/
  ➜  Network: use --host to expose
5:59:52 AM [vite] (client) hmr update /src/components/Auth/RequireAuth.tsx
6:00:27 AM [vite] (client) hmr update /src/components/Controls/ControlsPage.tsx, /src/components/Settings/SettingsPage.tsx
6:01:44 AM [vite] (client) hmr update /src/components/Controls/ControlsPage.tsx, /src/App.tsx, /src/components/Settings/SettingsPage.tsx, /src/components/Controls/GantryPanel.tsx, /src/components/Controls/DosingPanel.tsx, /src/components/Controls/PumpPanel.tsx, /src/components/Harvest/HarvestQueuePage.tsx, /src/components/Plants/PlantsPage.tsx, /src/components/Monitoring/MonitoringPage.tsx, /src/components/Controls/ToolPanel.tsx, /src/components/Controls/ValvePanel.tsx
6:01:54 AM [vite] (client) hmr update /src/App.tsx
6:11:14 AM [vite] (client) hmr update /src/components/Auth/RequireAuth.tsx
6:12:41 AM [vite] (client) hmr update /src/components/Auth/RequireAuth.tsx
6:14:34 AM [vite] (client) hmr update /src/App.tsx, /src/components/Controls/ControlsPage.tsx, /src/components/Settings/SettingsPage.tsx, /src/components/Controls/GantryPanel.tsx, /src/components/Controls/DosingPanel.tsx, /src/components/Controls/PumpPanel.tsx, /src/components/Harvest/HarvestQueuePage.tsx, /src/components/Plants/PlantsPage.tsx, /src/components/Monitoring/MonitoringPage.tsx, /src/components/Controls/ToolPanel.tsx, /src/components/Controls/ValvePanel.tsx
6:15:40 AM [vite] (client) hmr update /src/components/Controls/ControlsPage.tsx, /src/App.tsx, /src/components/Settings/SettingsPage.tsx, /src/components/Controls/GantryPanel.tsx, /src/components/Controls/DosingPanel.tsx, /src/components/Controls/PumpPanel.tsx, /src/components/Harvest/HarvestQueuePage.tsx, /src/components/Plants/PlantsPage.tsx, /src/components/Monitoring/MonitoringPage.tsx, /src/components/Controls/ToolPanel.tsx, /src/components/Controls/ValvePanel.tsx
6:16:22 AM [vite] (client) hmr update /src/components/Controls/ControlsPage.tsx, /src/App.tsx, /src/components/Settings/SettingsPage.tsx, /src/components/Controls/GantryPanel.tsx, /src/components/Controls/DosingPanel.tsx, /src/components/Controls/PumpPanel.tsx, /src/components/Harvest/HarvestQueuePage.tsx, /src/components/Plants/PlantsPage.tsx, /src/components/Monitoring/MonitoringPage.tsx, /src/components/Controls/ToolPanel.tsx, /src/components/Controls/ValvePanel.tsx
7:01:49 AM [vite] (client) hmr update /src/App.tsx, /src/components/Controls/ControlsPage.tsx, /src/components/Controls/GantryPanel.tsx, /src/components/Controls/ToolPanel.tsx, /src/components/Auth/RequireAuth.tsx, /src/components/Auth/LoginPage.tsx, /src/components/Settings/SettingsPage.tsx, /src/components/Controls/DosingPanel.tsx, /src/components/Controls/PumpPanel.tsx, /src/components/Harvest/HarvestQueuePage.tsx, /src/components/Plants/PlantsPage.tsx, /src/components/Monitoring/MonitoringPage.tsx, /src/components/Controls/ValvePanel.tsx
7:03:21 AM [vite] (client) hmr update /src/components/Settings/SettingsPage.tsx
7:03:59 AM [vite] (client) hmr update /src/components/Plants/PlantsPage.tsx
7:04:38 AM [vite] (client) hmr update /src/components/Harvest/HarvestQueuePage.tsx
7:08:35 AM [vite] (client) hmr update /src/App.tsx, /src/components/Controls/ControlsPage.tsx, /src/components/Settings/SettingsPage.tsx, /src/components/Controls/GantryPanel.tsx, /src/components/Controls/DosingPanel.tsx, /src/components/Controls/PumpPanel.tsx, /src/components/Harvest/HarvestQueuePage.tsx, /src/components/Plants/PlantsPage.tsx, /src/components/Monitoring/MonitoringPage.tsx, /src/components/Controls/ToolPanel.tsx, /src/components/Controls/ValvePanel.tsx
7:09:42 AM [vite] (client) hmr update /src/components/Controls/ControlsPage.tsx, /src/App.tsx, /src/components/Settings/SettingsPage.tsx, /src/components/Controls/GantryPanel.tsx, /src/components/Controls/DosingPanel.tsx, /src/components/Controls/PumpPanel.tsx, /src/components/Harvest/HarvestQueuePage.tsx, /src/components/Plants/PlantsPage.tsx, /src/components/Monitoring/MonitoringPage.tsx, /src/components/Controls/ToolPanel.tsx, /src/components/Controls/ValvePanel.tsx
7:14:14 AM [vite] (client) hmr update /src/components/Auth/RequireAuth.tsx
7:17:22 AM [vite] (client) hmr update /src/components/Auth/RequireAuth.tsx
7:18:42 AM [vite] (client) hmr update /src/App.tsx
